mode: count
github.com/itninja04/traefik-gelf-plugin/gelflog.go:28.29,36.2 1 5
github.com/itninja04/traefik-gelf-plugin/gelflog.go:47.99,53.19 2 6
github.com/itninja04/traefik-gelf-plugin/gelflog.go:56.2,56.31 1 5
github.com/itninja04/traefik-gelf-plugin/gelflog.go:60.2,60.53 1 4
github.com/itninja04/traefik-gelf-plugin/gelflog.go:64.2,64.35 1 3
github.com/itninja04/traefik-gelf-plugin/gelflog.go:69.2,70.18 2 3
github.com/itninja04/traefik-gelf-plugin/gelflog.go:81.2,81.18 1 3
github.com/itninja04/traefik-gelf-plugin/gelflog.go:53.19,55.3 1 1
github.com/itninja04/traefik-gelf-plugin/gelflog.go:56.31,58.3 1 1
github.com/itninja04/traefik-gelf-plugin/gelflog.go:60.53,62.3 1 1
github.com/itninja04/traefik-gelf-plugin/gelflog.go:64.35,66.3 1 1
github.com/itninja04/traefik-gelf-plugin/gelflog.go:66.8,68.3 1 2
github.com/itninja04/traefik-gelf-plugin/gelflog.go:70.18,75.43 5 1
github.com/itninja04/traefik-gelf-plugin/gelflog.go:78.3,79.47 2 1
github.com/itninja04/traefik-gelf-plugin/gelflog.go:75.43,77.4 1 8
github.com/itninja04/traefik-gelf-plugin/gelflog.go:85.72,87.31 2 3
github.com/itninja04/traefik-gelf-plugin/gelflog.go:90.2,90.26 1 3
github.com/itninja04/traefik-gelf-plugin/gelflog.go:93.2,93.25 1 3
github.com/itninja04/traefik-gelf-plugin/gelflog.go:111.2,111.27 1 3
github.com/itninja04/traefik-gelf-plugin/gelflog.go:87.31,89.3 1 3
github.com/itninja04/traefik-gelf-plugin/gelflog.go:90.26,92.3 1 3
github.com/itninja04/traefik-gelf-plugin/gelflog.go:93.25,95.36 2 3
github.com/itninja04/traefik-gelf-plugin/gelflog.go:104.3,107.21 4 3
github.com/itninja04/traefik-gelf-plugin/gelflog.go:95.36,96.33 1 8
github.com/itninja04/traefik-gelf-plugin/gelflog.go:96.33,98.18 2 10
github.com/itninja04/traefik-gelf-plugin/gelflog.go:101.5,101.33 1 10
github.com/itninja04/traefik-gelf-plugin/gelflog.go:98.18,100.6 1 2
github.com/itninja04/traefik-gelf-plugin/gelflog.go:107.21,109.4 1 1
github.com/itninja04/traefik-gelf-plugin/gelflog.go:114.89,133.2 2 4
github.com/itninja04/traefik-gelf-plugin/gelflog.go:135.35,137.2 1 3
github.com/itninja04/traefik-gelf-plugin/gelflog.go:139.33,141.2 1 3
